[12:21:40] initialize model
[12:21:40] Start inference 100
[12:21:40] Iteration step 0
[12:21:40] Estimated Finish Time: 12:21:41
[12:21:40] Iteration step 1
[12:21:40] Estimated Finish Time: 12:21:41
[12:21:40] Iteration step 2
[12:21:40] Estimated Finish Time: 12:21:41
[12:21:40] Iteration step 3
[12:21:40] Estimated Finish Time: 12:21:41
[12:21:40] Iteration step 4
[12:21:40] Estimated Finish Time: 12:21:41
[12:21:40] Iteration step 5
[12:21:40] Estimated Finish Time: 12:21:41
[12:21:40] Iteration step 6
[12:21:40] Estimated Finish Time: 12:21:41
[12:21:40] Iteration step 7
[12:21:40] Estimated Finish Time: 12:21:41
[12:21:40] Iteration step 8
[12:21:40] Estimated Finish Time: 12:21:41
[12:21:40] Iteration step 9
[12:21:40] Estimated Finish Time: 12:21:41
[12:21:40] Iteration step 10
[12:21:40] Estimated Finish Time: 12:21:41
[12:21:40] Iteration step 11
[12:21:40] Estimated Finish Time: 12:21:41
[12:21:40] Iteration step 12
[12:21:40] Estimated Finish Time: 12:21:41
[12:21:40] Iteration step 13
[12:21:40] Estimated Finish Time: 12:21:41
[12:21:40] Iteration step 14
[12:21:40] Estimated Finish Time: 12:21:41
[12:21:40] Iteration step 15
[12:21:40] Estimated Finish Time: 12:21:41
[12:21:40] Iteration step 16
[12:21:40] Estimated Finish Time: 12:21:41
[12:21:40] Iteration step 17
[12:21:40] Estimated Finish Time: 12:21:41
[12:21:40] Iteration step 18
[12:21:40] Estimated Finish Time: 12:21:41
[12:21:40] Iteration step 19
[12:21:40] Estimated Finish Time: 12:21:41
[12:21:40] Iteration step 20
[12:21:40] Estimated Finish Time: 12:21:41
[12:21:40] Iteration step 21
[12:21:40] Estimated Finish Time: 12:21:41
[12:21:40] Iteration step 22
[12:21:40] Estimated Finish Time: 12:21:41
[12:21:40] Iteration step 23
[12:21:40] Estimated Finish Time: 12:21:41
[12:21:40] Iteration step 24
[12:21:40] Estimated Finish Time: 12:21:41
[12:21:40] Iteration step 25
[12:21:40] Estimated Finish Time: 12:21:41
[12:21:40] Iteration step 26
[12:21:40] Estimated Finish Time: 12:21:41
[12:21:40] Iteration step 27
[12:21:40] Estimated Finish Time: 12:21:41
[12:21:40] Iteration step 28
[12:21:40] Estimated Finish Time: 12:21:41
[12:21:40] Iteration step 29
[12:21:40] Estimated Finish Time: 12:21:41
[12:21:40] Iteration step 30
[12:21:40] Estimated Finish Time: 12:21:41
[12:21:40] Iteration step 31
[12:21:40] Estimated Finish Time: 12:21:41
[12:21:40] Iteration step 32
[12:21:40] Estimated Finish Time: 12:21:41
[12:21:40] Iteration step 33
[12:21:40] Estimated Finish Time: 12:21:41
[12:21:40] Iteration step 34
[12:21:40] Estimated Finish Time: 12:21:41
[12:21:40] Iteration step 35
[12:21:40] Estimated Finish Time: 12:21:41
[12:21:40] Iteration step 36
[12:21:40] Estimated Finish Time: 12:21:41
[12:21:40] Iteration step 37
[12:21:40] Estimated Finish Time: 12:21:41
[12:21:40] Iteration step 38
[12:21:40] Estimated Finish Time: 12:21:41
[12:21:40] Iteration step 39
[12:21:40] Estimated Finish Time: 12:21:41
[12:21:40] Iteration step 40
[12:21:40] Estimated Finish Time: 12:21:41
[12:21:40] Iteration step 41
[12:21:40] Estimated Finish Time: 12:21:41
[12:21:40] Iteration step 42
[12:21:40] Estimated Finish Time: 12:21:41
[12:21:40] Iteration step 43
[12:21:40] Estimated Finish Time: 12:21:41
[12:21:40] Iteration step 44
[12:21:40] Estimated Finish Time: 12:21:41
[12:21:40] Iteration step 45
[12:21:40] Estimated Finish Time: 12:21:41
[12:21:40] Iteration step 46
[12:21:40] Estimated Finish Time: 12:21:41
[12:21:40] Iteration step 47
[12:21:40] Estimated Finish Time: 12:21:41
[12:21:40] Iteration step 48
[12:21:40] Estimated Finish Time: 12:21:41
[12:21:40] Iteration step 49
[12:21:40] Estimated Finish Time: 12:21:41
[12:21:40] Iteration step 50
[12:21:40] Estimated Finish Time: 12:21:41
[12:21:40] Iteration step 51
[12:21:40] Estimated Finish Time: 12:21:41
[12:21:40] Iteration step 52
[12:21:40] Estimated Finish Time: 12:21:41
[12:21:40] Iteration step 53
[12:21:40] Estimated Finish Time: 12:21:41
[12:21:40] Iteration step 54
[12:21:40] Estimated Finish Time: 12:21:41
[12:21:40] Iteration step 55
[12:21:40] Estimated Finish Time: 12:21:41
[12:21:40] Iteration step 56
[12:21:40] Estimated Finish Time: 12:21:41
[12:21:40] Iteration step 57
[12:21:40] Estimated Finish Time: 12:21:41
[12:21:40] Iteration step 58
[12:21:40] Estimated Finish Time: 12:21:41
[12:21:40] Iteration step 59
[12:21:40] Estimated Finish Time: 12:21:41
[12:21:40] Iteration step 60
[12:21:40] Estimated Finish Time: 12:21:41
[12:21:40] Iteration step 61
[12:21:40] Estimated Finish Time: 12:21:41
[12:21:40] Iteration step 62
[12:21:40] Estimated Finish Time: 12:21:41
[12:21:40] Iteration step 63
[12:21:40] Estimated Finish Time: 12:21:41
[12:21:40] Iteration step 64
[12:21:40] Estimated Finish Time: 12:21:41
[12:21:40] Iteration step 65
[12:21:40] Estimated Finish Time: 12:21:41
[12:21:40] Iteration step 66
[12:21:40] Estimated Finish Time: 12:21:41
[12:21:40] Iteration step 67
[12:21:40] Estimated Finish Time: 12:21:41
[12:21:40] Iteration step 68
[12:21:40] Estimated Finish Time: 12:21:41
[12:21:40] Iteration step 69
[12:21:40] Estimated Finish Time: 12:21:41
[12:21:40] Iteration step 70
[12:21:40] Estimated Finish Time: 12:21:41
[12:21:40] Iteration step 71
[12:21:40] Estimated Finish Time: 12:21:41
[12:21:40] Iteration step 72
[12:21:40] Estimated Finish Time: 12:21:41
[12:21:41] Iteration step 73
[12:21:41] Estimated Finish Time: 12:21:41
[12:21:41] Iteration step 74
[12:21:41] Estimated Finish Time: 12:21:41
[12:21:41] Iteration step 75
[12:21:41] Estimated Finish Time: 12:21:41
[12:21:41] Iteration step 76
[12:21:41] Estimated Finish Time: 12:21:41
[12:21:41] Iteration step 77
[12:21:41] Estimated Finish Time: 12:21:41
[12:21:41] Iteration step 78
[12:21:41] Estimated Finish Time: 12:21:41
[12:21:41] Iteration step 79
[12:21:41] Estimated Finish Time: 12:21:41
[12:21:41] Iteration step 80
[12:21:41] Estimated Finish Time: 12:21:41
[12:21:41] Iteration step 81
[12:21:41] Estimated Finish Time: 12:21:41
[12:21:41] Iteration step 82
[12:21:41] Estimated Finish Time: 12:21:41
[12:21:41] Iteration step 83
[12:21:41] Estimated Finish Time: 12:21:41
[12:21:41] Iteration step 84
[12:21:41] Estimated Finish Time: 12:21:41
[12:21:41] Iteration step 85
[12:21:41] Estimated Finish Time: 12:21:41
[12:21:41] Iteration step 86
[12:21:41] Estimated Finish Time: 12:21:41
[12:21:41] Iteration step 87
[12:21:41] Estimated Finish Time: 12:21:41
[12:21:41] Iteration step 88
[12:21:41] Estimated Finish Time: 12:21:41
[12:21:41] Iteration step 89
[12:21:41] Estimated Finish Time: 12:21:41
[12:21:41] Iteration step 90
[12:21:41] Estimated Finish Time: 12:21:41
[12:21:41] Iteration step 91
[12:21:41] Estimated Finish Time: 12:21:41
[12:21:41] Iteration step 92
[12:21:41] Estimated Finish Time: 12:21:41
[12:21:41] Iteration step 93
[12:21:41] Estimated Finish Time: 12:21:41
[12:21:41] Iteration step 94
[12:21:41] Estimated Finish Time: 12:21:41
[12:21:41] Iteration step 95
[12:21:41] Estimated Finish Time: 12:21:41
[12:21:41] Iteration step 96
[12:21:41] Estimated Finish Time: 12:21:41
[12:21:41] Iteration step 97
[12:21:41] Estimated Finish Time: 12:21:41
[12:21:41] Iteration step 98
[12:21:41] Estimated Finish Time: 12:21:41
[12:21:41] Iteration step 99
[12:21:41] Estimated Finish Time: 12:21:41
[12:21:41] Finish inference 100
[12:21:41] compute theta
[12:21:41] compute phi
[12:21:41] export parameters to C:\Model
[12:21:41] export LDA model to C:\Model
[12:21:42] export vocabulary to C:\Model
[12:28:14] initialize model
[12:28:14] Start inference 100
[12:28:14] Iteration step 0
[12:28:14] Estimated Finish Time: 12:28:15
[12:28:14] Iteration step 1
[12:28:14] Estimated Finish Time: 12:28:15
[12:28:14] Iteration step 2
[12:28:14] Estimated Finish Time: 12:28:15
[12:28:14] Iteration step 3
[12:28:14] Estimated Finish Time: 12:28:15
[12:28:14] Iteration step 4
[12:28:14] Estimated Finish Time: 12:28:15
[12:28:14] Iteration step 5
[12:28:14] Estimated Finish Time: 12:28:15
[12:28:14] Iteration step 6
[12:28:14] Estimated Finish Time: 12:28:15
[12:28:14] Iteration step 7
[12:28:14] Estimated Finish Time: 12:28:15
[12:28:14] Iteration step 8
[12:28:14] Estimated Finish Time: 12:28:15
[12:28:14] Iteration step 9
[12:28:14] Estimated Finish Time: 12:28:15
[12:28:14] Iteration step 10
[12:28:14] Estimated Finish Time: 12:28:15
[12:28:14] Iteration step 11
[12:28:14] Estimated Finish Time: 12:28:15
[12:28:14] Iteration step 12
[12:28:14] Estimated Finish Time: 12:28:15
[12:28:14] Iteration step 13
[12:28:14] Estimated Finish Time: 12:28:15
[12:28:14] Iteration step 14
[12:28:14] Estimated Finish Time: 12:28:15
[12:28:14] Iteration step 15
[12:28:14] Estimated Finish Time: 12:28:15
[12:28:14] Iteration step 16
[12:28:14] Estimated Finish Time: 12:28:15
[12:28:14] Iteration step 17
[12:28:14] Estimated Finish Time: 12:28:15
[12:28:14] Iteration step 18
[12:28:14] Estimated Finish Time: 12:28:15
[12:28:14] Iteration step 19
[12:28:14] Estimated Finish Time: 12:28:15
[12:28:14] Iteration step 20
[12:28:14] Estimated Finish Time: 12:28:15
[12:28:14] Iteration step 21
[12:28:14] Estimated Finish Time: 12:28:15
[12:28:14] Iteration step 22
[12:28:14] Estimated Finish Time: 12:28:15
[12:28:14] Iteration step 23
[12:28:14] Estimated Finish Time: 12:28:15
[12:28:14] Iteration step 24
[12:28:14] Estimated Finish Time: 12:28:15
[12:28:14] Iteration step 25
[12:28:14] Estimated Finish Time: 12:28:15
[12:28:14] Iteration step 26
[12:28:14] Estimated Finish Time: 12:28:15
[12:28:14] Iteration step 27
[12:28:14] Estimated Finish Time: 12:28:15
[12:28:14] Iteration step 28
[12:28:14] Estimated Finish Time: 12:28:15
[12:28:14] Iteration step 29
[12:28:14] Estimated Finish Time: 12:28:15
[12:28:14] Iteration step 30
[12:28:14] Estimated Finish Time: 12:28:15
[12:28:14] Iteration step 31
[12:28:14] Estimated Finish Time: 12:28:15
[12:28:14] Iteration step 32
[12:28:14] Estimated Finish Time: 12:28:15
[12:28:14] Iteration step 33
[12:28:14] Estimated Finish Time: 12:28:15
[12:28:14] Iteration step 34
[12:28:14] Estimated Finish Time: 12:28:15
[12:28:14] Iteration step 35
[12:28:14] Estimated Finish Time: 12:28:15
[12:28:14] Iteration step 36
[12:28:14] Estimated Finish Time: 12:28:15
[12:28:14] Iteration step 37
[12:28:14] Estimated Finish Time: 12:28:15
[12:28:14] Iteration step 38
[12:28:14] Estimated Finish Time: 12:28:15
[12:28:14] Iteration step 39
[12:28:14] Estimated Finish Time: 12:28:15
[12:28:14] Iteration step 40
[12:28:14] Estimated Finish Time: 12:28:15
[12:28:14] Iteration step 41
[12:28:14] Estimated Finish Time: 12:28:15
[12:28:14] Iteration step 42
[12:28:14] Estimated Finish Time: 12:28:15
[12:28:14] Iteration step 43
[12:28:14] Estimated Finish Time: 12:28:15
[12:28:14] Iteration step 44
[12:28:14] Estimated Finish Time: 12:28:15
[12:28:14] Iteration step 45
[12:28:14] Estimated Finish Time: 12:28:15
[12:28:14] Iteration step 46
[12:28:14] Estimated Finish Time: 12:28:15
[12:28:14] Iteration step 47
[12:28:14] Estimated Finish Time: 12:28:15
[12:28:14] Iteration step 48
[12:28:14] Estimated Finish Time: 12:28:15
[12:28:14] Iteration step 49
[12:28:14] Estimated Finish Time: 12:28:15
[12:28:14] Iteration step 50
[12:28:14] Estimated Finish Time: 12:28:15
[12:28:14] Iteration step 51
[12:28:14] Estimated Finish Time: 12:28:15
[12:28:14] Iteration step 52
[12:28:14] Estimated Finish Time: 12:28:15
[12:28:14] Iteration step 53
[12:28:14] Estimated Finish Time: 12:28:15
[12:28:14] Iteration step 54
[12:28:14] Estimated Finish Time: 12:28:15
[12:28:14] Iteration step 55
[12:28:14] Estimated Finish Time: 12:28:15
[12:28:14] Iteration step 56
[12:28:14] Estimated Finish Time: 12:28:15
[12:28:14] Iteration step 57
[12:28:14] Estimated Finish Time: 12:28:15
[12:28:14] Iteration step 58
[12:28:14] Estimated Finish Time: 12:28:15
[12:28:14] Iteration step 59
[12:28:14] Estimated Finish Time: 12:28:15
[12:28:14] Iteration step 60
[12:28:14] Estimated Finish Time: 12:28:15
[12:28:14] Iteration step 61
[12:28:14] Estimated Finish Time: 12:28:15
[12:28:14] Iteration step 62
[12:28:14] Estimated Finish Time: 12:28:15
[12:28:14] Iteration step 63
[12:28:14] Estimated Finish Time: 12:28:15
[12:28:15] Iteration step 64
[12:28:15] Estimated Finish Time: 12:28:15
[12:28:15] Iteration step 65
[12:28:15] Estimated Finish Time: 12:28:15
[12:28:15] Iteration step 66
[12:28:15] Estimated Finish Time: 12:28:15
[12:28:15] Iteration step 67
[12:28:15] Estimated Finish Time: 12:28:15
[12:28:15] Iteration step 68
[12:28:15] Estimated Finish Time: 12:28:15
[12:28:15] Iteration step 69
[12:28:15] Estimated Finish Time: 12:28:15
[12:28:15] Iteration step 70
[12:28:15] Estimated Finish Time: 12:28:15
[12:28:15] Iteration step 71
[12:28:15] Estimated Finish Time: 12:28:15
[12:28:15] Iteration step 72
[12:28:15] Estimated Finish Time: 12:28:15
[12:28:15] Iteration step 73
[12:28:15] Estimated Finish Time: 12:28:15
[12:28:15] Iteration step 74
[12:28:15] Estimated Finish Time: 12:28:15
[12:28:15] Iteration step 75
[12:28:15] Estimated Finish Time: 12:28:15
[12:28:15] Iteration step 76
[12:28:15] Estimated Finish Time: 12:28:15
[12:28:15] Iteration step 77
[12:28:15] Estimated Finish Time: 12:28:15
[12:28:15] Iteration step 78
[12:28:15] Estimated Finish Time: 12:28:15
[12:28:15] Iteration step 79
[12:28:15] Estimated Finish Time: 12:28:15
[12:28:15] Iteration step 80
[12:28:15] Estimated Finish Time: 12:28:15
[12:28:15] Iteration step 81
[12:28:15] Estimated Finish Time: 12:28:15
[12:28:15] Iteration step 82
[12:28:15] Estimated Finish Time: 12:28:15
[12:28:15] Iteration step 83
[12:28:15] Estimated Finish Time: 12:28:15
[12:28:15] Iteration step 84
[12:28:15] Estimated Finish Time: 12:28:15
[12:28:15] Iteration step 85
[12:28:15] Estimated Finish Time: 12:28:15
[12:28:15] Iteration step 86
[12:28:15] Estimated Finish Time: 12:28:15
[12:28:15] Iteration step 87
[12:28:15] Estimated Finish Time: 12:28:15
[12:28:15] Iteration step 88
[12:28:15] Estimated Finish Time: 12:28:15
[12:28:15] Iteration step 89
[12:28:15] Estimated Finish Time: 12:28:15
[12:28:15] Iteration step 90
[12:28:15] Estimated Finish Time: 12:28:15
[12:28:15] Iteration step 91
[12:28:15] Estimated Finish Time: 12:28:15
[12:28:15] Iteration step 92
[12:28:15] Estimated Finish Time: 12:28:15
[12:28:15] Iteration step 93
[12:28:15] Estimated Finish Time: 12:28:15
[12:28:15] Iteration step 94
[12:28:15] Estimated Finish Time: 12:28:15
[12:28:15] Iteration step 95
[12:28:15] Estimated Finish Time: 12:28:15
[12:28:15] Iteration step 96
[12:28:15] Estimated Finish Time: 12:28:15
[12:28:15] Iteration step 97
[12:28:15] Estimated Finish Time: 12:28:15
[12:28:15] Iteration step 98
[12:28:15] Estimated Finish Time: 12:28:15
[12:28:15] Iteration step 99
[12:28:15] Estimated Finish Time: 12:28:15
[12:28:15] Finish inference 100
[12:28:15] compute theta
[12:28:15] compute phi
[12:28:15] export parameters to C:\Model
[12:28:16] export LDA model to C:\Model
[12:28:16] export vocabulary to C:\Model
[13:05:26] initialize model
[13:05:26] Start inference 100
[13:05:26] Iteration step 0
[13:05:26] Estimated Finish Time: 13:05:27
[13:05:26] Iteration step 1
[13:05:26] Estimated Finish Time: 13:05:26
[13:05:26] Iteration step 2
[13:05:26] Estimated Finish Time: 13:05:26
[13:05:26] Iteration step 3
[13:05:26] Estimated Finish Time: 13:05:26
[13:05:26] Iteration step 4
[13:05:26] Estimated Finish Time: 13:05:26
[13:05:26] Iteration step 5
[13:05:26] Estimated Finish Time: 13:05:26
[13:05:26] Iteration step 6
[13:05:26] Estimated Finish Time: 13:05:26
[13:05:26] Iteration step 7
[13:05:26] Estimated Finish Time: 13:05:26
[13:05:26] Iteration step 8
[13:05:26] Estimated Finish Time: 13:05:26
[13:05:26] Iteration step 9
[13:05:26] Estimated Finish Time: 13:05:26
[13:05:26] Iteration step 10
[13:05:26] Estimated Finish Time: 13:05:26
[13:05:26] Iteration step 11
[13:05:26] Estimated Finish Time: 13:05:26
[13:05:26] Iteration step 12
[13:05:26] Estimated Finish Time: 13:05:26
[13:05:26] Iteration step 13
[13:05:26] Estimated Finish Time: 13:05:26
[13:05:26] Iteration step 14
[13:05:26] Estimated Finish Time: 13:05:26
[13:05:26] Iteration step 15
[13:05:26] Estimated Finish Time: 13:05:26
[13:05:26] Iteration step 16
[13:05:26] Estimated Finish Time: 13:05:26
[13:05:26] Iteration step 17
[13:05:26] Estimated Finish Time: 13:05:26
[13:05:26] Iteration step 18
[13:05:26] Estimated Finish Time: 13:05:26
[13:05:26] Iteration step 19
[13:05:26] Estimated Finish Time: 13:05:26
[13:05:26] Iteration step 20
[13:05:26] Estimated Finish Time: 13:05:26
[13:05:26] Iteration step 21
[13:05:26] Estimated Finish Time: 13:05:26
[13:05:26] Iteration step 22
[13:05:26] Estimated Finish Time: 13:05:26
[13:05:26] Iteration step 23
[13:05:26] Estimated Finish Time: 13:05:26
[13:05:26] Iteration step 24
[13:05:26] Estimated Finish Time: 13:05:26
[13:05:26] Iteration step 25
[13:05:26] Estimated Finish Time: 13:05:26
[13:05:26] Iteration step 26
[13:05:26] Estimated Finish Time: 13:05:26
[13:05:26] Iteration step 27
[13:05:26] Estimated Finish Time: 13:05:26
[13:05:26] Iteration step 28
[13:05:26] Estimated Finish Time: 13:05:26
[13:05:26] Iteration step 29
[13:05:26] Estimated Finish Time: 13:05:26
[13:05:26] Iteration step 30
[13:05:26] Estimated Finish Time: 13:05:26
[13:05:26] Iteration step 31
[13:05:26] Estimated Finish Time: 13:05:26
[13:05:26] Iteration step 32
[13:05:26] Estimated Finish Time: 13:05:26
[13:05:26] Iteration step 33
[13:05:26] Estimated Finish Time: 13:05:26
[13:05:26] Iteration step 34
[13:05:26] Estimated Finish Time: 13:05:26
[13:05:26] Iteration step 35
[13:05:26] Estimated Finish Time: 13:05:26
[13:05:26] Iteration step 36
[13:05:26] Estimated Finish Time: 13:05:26
[13:05:26] Iteration step 37
[13:05:26] Estimated Finish Time: 13:05:26
[13:05:26] Iteration step 38
[13:05:26] Estimated Finish Time: 13:05:26
[13:05:26] Iteration step 39
[13:05:26] Estimated Finish Time: 13:05:26
[13:05:26] Iteration step 40
[13:05:26] Estimated Finish Time: 13:05:26
[13:05:26] Iteration step 41
[13:05:26] Estimated Finish Time: 13:05:26
[13:05:26] Iteration step 42
[13:05:26] Estimated Finish Time: 13:05:26
[13:05:26] Iteration step 43
[13:05:26] Estimated Finish Time: 13:05:26
[13:05:26] Iteration step 44
[13:05:26] Estimated Finish Time: 13:05:26
[13:05:26] Iteration step 45
[13:05:26] Estimated Finish Time: 13:05:26
[13:05:26] Iteration step 46
[13:05:26] Estimated Finish Time: 13:05:26
[13:05:26] Iteration step 47
[13:05:26] Estimated Finish Time: 13:05:26
[13:05:26] Iteration step 48
[13:05:26] Estimated Finish Time: 13:05:26
[13:05:26] Iteration step 49
[13:05:26] Estimated Finish Time: 13:05:26
[13:05:26] Iteration step 50
[13:05:26] Estimated Finish Time: 13:05:26
[13:05:26] Iteration step 51
[13:05:26] Estimated Finish Time: 13:05:26
[13:05:26] Iteration step 52
[13:05:26] Estimated Finish Time: 13:05:26
[13:05:26] Iteration step 53
[13:05:26] Estimated Finish Time: 13:05:26
[13:05:26] Iteration step 54
[13:05:26] Estimated Finish Time: 13:05:26
[13:05:26] Iteration step 55
[13:05:26] Estimated Finish Time: 13:05:26
[13:05:26] Iteration step 56
[13:05:26] Estimated Finish Time: 13:05:26
[13:05:26] Iteration step 57
[13:05:26] Estimated Finish Time: 13:05:26
[13:05:26] Iteration step 58
[13:05:26] Estimated Finish Time: 13:05:26
[13:05:26] Iteration step 59
[13:05:26] Estimated Finish Time: 13:05:26
[13:05:26] Iteration step 60
[13:05:26] Estimated Finish Time: 13:05:26
[13:05:26] Iteration step 61
[13:05:26] Estimated Finish Time: 13:05:26
[13:05:26] Iteration step 62
[13:05:26] Estimated Finish Time: 13:05:26
[13:05:26] Iteration step 63
[13:05:26] Estimated Finish Time: 13:05:26
[13:05:26] Iteration step 64
[13:05:26] Estimated Finish Time: 13:05:26
[13:05:26] Iteration step 65
[13:05:26] Estimated Finish Time: 13:05:26
[13:05:26] Iteration step 66
[13:05:26] Estimated Finish Time: 13:05:26
[13:05:26] Iteration step 67
[13:05:26] Estimated Finish Time: 13:05:26
[13:05:26] Iteration step 68
[13:05:26] Estimated Finish Time: 13:05:26
[13:05:26] Iteration step 69
[13:05:26] Estimated Finish Time: 13:05:26
[13:05:26] Iteration step 70
[13:05:26] Estimated Finish Time: 13:05:26
[13:05:26] Iteration step 71
[13:05:26] Estimated Finish Time: 13:05:26
[13:05:26] Iteration step 72
[13:05:26] Estimated Finish Time: 13:05:26
[13:05:26] Iteration step 73
[13:05:26] Estimated Finish Time: 13:05:26
[13:05:26] Iteration step 74
[13:05:26] Estimated Finish Time: 13:05:26
[13:05:26] Iteration step 75
[13:05:26] Estimated Finish Time: 13:05:26
[13:05:26] Iteration step 76
[13:05:26] Estimated Finish Time: 13:05:26
[13:05:26] Iteration step 77
[13:05:26] Estimated Finish Time: 13:05:26
[13:05:26] Iteration step 78
[13:05:26] Estimated Finish Time: 13:05:26
[13:05:26] Iteration step 79
[13:05:26] Estimated Finish Time: 13:05:26
[13:05:26] Iteration step 80
[13:05:26] Estimated Finish Time: 13:05:26
[13:05:26] Iteration step 81
[13:05:26] Estimated Finish Time: 13:05:26
[13:05:26] Iteration step 82
[13:05:26] Estimated Finish Time: 13:05:26
[13:05:26] Iteration step 83
[13:05:26] Estimated Finish Time: 13:05:26
[13:05:26] Iteration step 84
[13:05:26] Estimated Finish Time: 13:05:26
[13:05:26] Iteration step 85
[13:05:26] Estimated Finish Time: 13:05:26
[13:05:26] Iteration step 86
[13:05:26] Estimated Finish Time: 13:05:26
[13:05:26] Iteration step 87
[13:05:26] Estimated Finish Time: 13:05:26
[13:05:26] Iteration step 88
[13:05:26] Estimated Finish Time: 13:05:26
[13:05:26] Iteration step 89
[13:05:26] Estimated Finish Time: 13:05:26
[13:05:26] Iteration step 90
[13:05:26] Estimated Finish Time: 13:05:26
[13:05:26] Iteration step 91
[13:05:26] Estimated Finish Time: 13:05:26
[13:05:26] Iteration step 92
[13:05:26] Estimated Finish Time: 13:05:26
[13:05:26] Iteration step 93
[13:05:26] Estimated Finish Time: 13:05:26
[13:05:26] Iteration step 94
[13:05:26] Estimated Finish Time: 13:05:26
[13:05:26] Iteration step 95
[13:05:26] Estimated Finish Time: 13:05:26
[13:05:26] Iteration step 96
[13:05:26] Estimated Finish Time: 13:05:26
[13:05:26] Iteration step 97
[13:05:26] Estimated Finish Time: 13:05:26
[13:05:26] Iteration step 98
[13:05:26] Estimated Finish Time: 13:05:26
[13:05:26] Iteration step 99
[13:05:26] Estimated Finish Time: 13:05:26
[13:05:26] Finish inference 100
[13:05:26] compute theta
[13:05:26] compute phi
[13:05:26] export parameters to C:\Model
[13:05:27] export LDA model to C:\Model
[13:05:27] export vocabulary to C:\Model
